1717075649771	geckodriver	INFO	Listening on 127.0.0.1:52261
1717075652847	mozrunner::runner	INFO	Running command: "C:\\Program Files\\Mozilla Firefox\\firefox.exe" "--marionette" "--remote-debugging-port" "52262" "--remote-allow-hosts" "localhost" "-no-remote" "-profile" "C:\\Users\\saesha\\AppData\\Local\\Temp\\rust_mozprofilerK033o"
console.warn: services.settings: Ignoring preference override of remote settings server
console.warn: services.settings: Allow by setting MOZ_REMOTE_SETTINGS_DEVTOOLS=1 in the environment
Dynamically enable window occlusion 0
1717075654002	Marionette	INFO	Marionette enabled
1717075654200	Marionette	INFO	Listening on port 54617
WebDriver BiDi listening on ws://127.0.0.1:52262
Read port: 54617
1717075654562	RemoteAgent	WARN	TLS certificate errors will be ignored for this session
DevTools listening on ws://127.0.0.1:52262/devtools/browser/655427df-bc6c-4371-b62a-b0cae096dea0
1717075685082	addons.xpi	ERROR	System addon update list error SyntaxError: XMLHttpRequest.open: 'http://%(server)s/dummy-system-addons.xml' is not a valid URL.
console.error: services.settings: 
  Message: NetworkError: Network error: TypeError: NetworkError: Network request failed
  Stack:
    APIError@resource://services-settings/RemoteSettingsClient.sys.mjs:107:1
NetworkError@resource://services-settings/RemoteSettingsClient.sys.mjs:111:5
_adjustedError@resource://services-settings/RemoteSettingsClient.sys.mjs:911:14
maybeSync@resource://services-settings/RemoteSettingsClient.sys.mjs:816:38

console.error: (new NetworkError("Network error: TypeError: NetworkError: Network request failed", "resource://services-settings/RemoteSettingsClient.sys.mjs", 107))
JavaScript error: http://localhost:5173/src/store/context/authContextProvider.jsx, line 121: uncaught exception: AxiosError: Request failed with status code 500
JavaScript error: http://localhost:5173/src/store/context/authContextProvider.jsx, line 121: uncaught exception: AxiosError: Request failed with status code 500
console.error: (new TypeError("parent is null", "resource://devtools/client/inspector/shared/style-change-tracker.js", 67))
TypeError: parent is null: canMutationImpactCurrentStyles@resource://devtools/client/inspector/shared/style-change-tracker.js:67:24
onMutations@resource://devtools/client/inspector/shared/style-change-tracker.js:84:41
_emit@resource://devtools/shared/event-emitter.js:242:32
emit@resource://devtools/shared/event-emitter.js:186:18
emit@resource://devtools/shared/event-emitter.js:330:18
getMutations@resource://devtools/client/fronts/walker.js:321:10

JavaScript error: resource://gre/modules/AsyncShutdown.sys.mjs, line 569: NotFoundError: No such JSProcessActor 'DevToolsProcess'
JavaScript error: resource://gre/modules/AsyncShutdown.sys.mjs, line 569: NotFoundError: No such JSProcessActor 'DevToolsProcess'
JavaScript error: resource://gre/modules/AsyncShutdown.sys.mjs, line 569: NotFoundError: No such JSProcessActor 'DevToolsProcess'
1717139770377	Marionette	INFO	Stopped listening on port 54617
Dynamically enable window occlusion 1
